<?xml version="1.0" encoding="UTF-8"?>
<!-- Generated by org.testng.reporters.JUnitReportReporter -->
<testsuite skipped="0" hostname="CO-IT004492" name="com.globant.AppTest" tests="1" failures="0" timestamp="19 Feb 2024 16:34:14 GMT" time="0.020" errors="0">
  <testcase name="shouldAnswerWithTrue" time="0.020" classname="com.globant.AppTest"/>
</testsuite> <!-- com.globant.AppTest -->
